<?xml version="1.0" encoding="UTF-8"?>
<!-- Generated by org.testng.reporters.JUnitReportReporter -->
<testsuite skipped="0" hostname="DESKTOP-28IRDUD" name="maventest.ProjectMaven.WordPressLoginTest" tests="1" failures="0" timestamp="2020-09-30T17:21:02 EDT" time="15.816" errors="0">
  <testcase name="loginTest" time="15.816" classname="maventest.ProjectMaven.WordPressLoginTest"/>
  <system-out/>
</testsuite> <!-- maventest.ProjectMaven.WordPressLoginTest -->
